0 info it worked if it ends with ok
1 verbose cli [ 'C:\\software\\nodejs\\node.exe',
1 verbose cli   'C:\\software\\nodejs\\node_modules\\npm\\bin\\npm-cli.js',
1 verbose cli   'run',
1 verbose cli   'build',
1 verbose cli   '--no-cache' ]
2 info using npm@5.5.1
3 info using node@v8.9.3
4 verbose run-script [ 'prebuild', 'build', 'postbuild' ]
5 info lifecycle larabbs-weapp@0.0.2~prebuild: larabbs-weapp@0.0.2
6 info lifecycle larabbs-weapp@0.0.2~build: larabbs-weapp@0.0.2
7 verbose lifecycle larabbs-weapp@0.0.2~build: unsafe-perm in lifecycle true
8 verbose lifecycle larabbs-weapp@0.0.2~build: PATH: C:\software\nodejs\node_modules\npm\bin\node-gyp-bin;C:\Users\94666\code\larabbs-weapp\node_modules\.bin;C:\Users\94666\bin;C:\software\Git\mingw64\bin;C:\software\Git\usr\local\bin;C:\software\Git\usr\bin;C:\software\Git\usr\bin;C:\software\Git\mingw64\bin;C:\software\Git\usr\bin;C:\Users\94666\bin;C:\ProgramData\Oracle\Java\javapath;C:\Program Files (x86)\Intel\iCLS Client;C:\Program Files\Intel\iCLS Client;C:\Windows\system32;C:\Windows;C:\Windows\System32\Wbem;C:\Windows\System32\WindowsPowerShell\v1.0;C:\Program Files (x86)\NVIDIA Corporation\PhysX\Common;C:\Program Files (x86)\Intel\Intel(R) Management Engine Components\DAL;C:\Program Files\Intel\Intel(R) Management Engine Components\DAL;C:\Program Files (x86)\Intel\Intel(R) Management Engine Components\IPT;C:\Program Files\Intel\Intel(R) Management Engine Components\IPT;C:\WINDOWS\system32;C:\WINDOWS;C:\WINDOWS\System32\Wbem;C:\WINDOWS\System32\WindowsPowerShell\v1.0;D:\web\mysql\bin;C:\software\nodejs;C:\software\flex_sdk_4.6\bin;C:\software\Git\cmd;C:\ProgramData\ComposerSetup\bin;D:\wnmp\php7;C:\Program Files\dotnet;C:\Program Files\Microsoft SQL Server\110\Tools\Binn;C:\Program Files (x86)\Microsoft SDKs\TypeScript\1.0;C:\Program Files\Microsoft SQL Server\120\Tools\Binn;C:\software\Sublime Text;C:\software\Vagrant\bin;C:\software\Ruby24-x64\bin;C:\Users\94666\AppData\Local\Microsoft\WindowsApps;C:\Users\94666\AppData\Roaming\npm;C:\Users\94666\AppData\Local\atom\bin;C:\software\Heroku\bin;C:\Users\94666\AppData\Roaming\Composer\vendor\bin;C:\software\Microsoft VS Code\bin;C:\software\Git\usr\bin\vendor_perl;C:\software\Git\usr\bin\core_perl
9 verbose lifecycle larabbs-weapp@0.0.2~build: CWD: C:\Users\94666\code\larabbs-weapp
10 silly lifecycle larabbs-weapp@0.0.2~build: Args: [ '/d /s /c', 'NODE_ENV=production wepy build --no-cache' ]
11 silly lifecycle larabbs-weapp@0.0.2~build: Returned: code: 1  signal: null
12 info lifecycle larabbs-weapp@0.0.2~build: Failed to exec build script
13 verbose stack Error: larabbs-weapp@0.0.2 build: `NODE_ENV=production wepy build --no-cache`
13 verbose stack Exit status 1
13 verbose stack     at EventEmitter.<anonymous> (C:\software\nodejs\node_modules\npm\node_modules\npm-lifecycle\index.js:280:16)
13 verbose stack     at emitTwo (events.js:126:13)
13 verbose stack     at EventEmitter.emit (events.js:214:7)
13 verbose stack     at ChildProcess.<anonymous> (C:\software\nodejs\node_modules\npm\node_modules\npm-lifecycle\lib\spawn.js:55:14)
13 verbose stack     at emitTwo (events.js:126:13)
13 verbose stack     at ChildProcess.emit (events.js:214:7)
13 verbose stack     at maybeClose (internal/child_process.js:925:16)
13 verbose stack     at Process.ChildProcess._handle.onexit (internal/child_process.js:209:5)
14 verbose pkgid larabbs-weapp@0.0.2
15 verbose cwd C:\Users\94666\code\larabbs-weapp
16 verbose Windows_NT 10.0.16299
17 verbose argv "C:\\software\\nodejs\\node.exe" "C:\\software\\nodejs\\node_modules\\npm\\bin\\npm-cli.js" "run" "build" "--no-cache"
18 verbose node v8.9.3
19 verbose npm  v5.5.1
20 error code ELIFECYCLE
21 error errno 1
22 error larabbs-weapp@0.0.2 build: `NODE_ENV=production wepy build --no-cache`
22 error Exit status 1
23 error Failed at the larabbs-weapp@0.0.2 build script.
23 error This is probably not a problem with npm. There is likely additional logging output above.
24 verbose exit [ 1, true ]
