0 info it worked if it ends with ok
1 verbose cli [ '/usr/bin/node', '/usr/bin/npm', 'run', 'build', '--no-cache' ]
2 info using npm@6.1.0
3 info using node@v8.11.2
4 verbose run-script [ 'prebuild', 'build', 'postbuild' ]
5 info lifecycle larabbs-weapp@0.0.2~prebuild: larabbs-weapp@0.0.2
6 info lifecycle larabbs-weapp@0.0.2~build: larabbs-weapp@0.0.2
7 verbose lifecycle larabbs-weapp@0.0.2~build: unsafe-perm in lifecycle true
8 verbose lifecycle larabbs-weapp@0.0.2~build: PATH: /usr/lib/node_modules/npm/node_modules/npm-lifecycle/node-gyp-bin:/home/vagrant/code/larabbs-weapp/node_modules/.bin:/home/vagrant/.composer/vendor/bin:/usr/local/go/bin:/usr/local/sbin:/usr/local/bin:/usr/sbin:/usr/bin:/sbin:/bin:/usr/games:/usr/local/games:/snap/bin
9 verbose lifecycle larabbs-weapp@0.0.2~build: CWD: /home/vagrant/code/larabbs-weapp
10 silly lifecycle larabbs-weapp@0.0.2~build: Args: [ '-c', 'cross-env NODE_ENV=production wepy build --no-cache' ]
11 info lifecycle larabbs-weapp@0.0.2~build: Failed to exec build script
12 verbose stack Error: larabbs-weapp@0.0.2 build: `cross-env NODE_ENV=production wepy build --no-cache`
12 verbose stack spawn ENOENT
12 verbose stack     at ChildProcess.<anonymous> (/usr/lib/node_modules/npm/node_modules/npm-lifecycle/lib/spawn.js:48:18)
12 verbose stack     at emitTwo (events.js:126:13)
12 verbose stack     at ChildProcess.emit (events.js:214:7)
12 verbose stack     at maybeClose (internal/child_process.js:925:16)
12 verbose stack     at Process.ChildProcess._handle.onexit (internal/child_process.js:209:5)
13 verbose pkgid larabbs-weapp@0.0.2
14 verbose cwd /home/vagrant/code/larabbs-weapp
15 verbose Linux 4.15.0-22-generic
16 verbose argv "/usr/bin/node" "/usr/bin/npm" "run" "build" "--no-cache"
17 verbose node v8.11.2
18 verbose npm  v6.1.0
19 error file sh
20 error code ELIFECYCLE
21 error errno ENOENT
22 error syscall spawn
23 error larabbs-weapp@0.0.2 build: `cross-env NODE_ENV=production wepy build --no-cache`
23 error spawn ENOENT
24 error Failed at the larabbs-weapp@0.0.2 build script.
24 error This is probably not a problem with npm. There is likely additional logging output above.
25 verbose exit [ 1, true ]
